2023-11-13 04:20:14,053 - INFO - In cityflow增加GCN需要的数据-循环动作.py
2023-11-13 04:20:14,053 - INFO - 删除了原UniLight中STFGNN不需要的数据收集操作，增加STFGNN需要的数据收集,采用随机动作。epochs:100,time_span:7.51s,evrage time span every epoch:0.08s
2023-11-13 04:20:14,064 - INFO -  state, all_reward, done, infos:([{'TSflow': [3.0, 1.0, 0.0, 0.0, 0.0, 0.0, 0.0, 1.0, 0.0, 0.0, 1.0, 1.0], 'TSwait': [3.0, 1.0, 0.0, 0.0, 0.0, 0.0, 0.0, 0.0, 0.0, 0.0, 0.0, 0.0], 'TSgreen': [0, 0, 1, 0, 0, 1, 0, 0, 1, 1, 1, 1], 'TSphase': 7, 'TStime': 15, 'Envtime': 2000.0, 'LaneCount': [1, 1, 1, 1, 1, 1, 1, 1, 1, 1, 1, 1], 'TSprevphases': [-1, -1, -1, -1, 7], 'pressure': array([  2, -15,   0, -16,   0,   0,   0,   1,  -1,   0,   0, -15]), 'Inlaneflow': [[1], [0], [0], [0], [0], [0], [0], [0], [0], [0], [0], [1]], 'TSlaneflow': [[3], [1], [0], [0], [0], [0], [0], [1], [0], [0], [1], [1]]}, {'TSflow': [1.0, 2.0, 0.0, 1.0, 0.0, 0.0, 0.0, 1.0, 0.0, 1.0, 0.0, 1.0], 'TSwait': [0.0, 2.0, 0.0, 0.0, 0.0, 0.0, 0.0, 1.0, 0.0, 0.0, 0.0, 0.0], 'TSgreen': [0, 0, 1, 1, 0, 1, 0, 0, 1, 1, 0, 1], 'TSphase': 3, 'TStime': 15, 'Envtime': 2000.0, 'LaneCount': [1, 2, 1, 1, 1, 1, 1, 2, 1, 1, 1, 1], 'TSprevphases': [-1, -1, -1, -1, 3], 'pressure': array([ 1,  4,  0,  1,  0, -2,  0,  0,  0, -1,  0,  1]), 'Inlaneflow': [[0], [2, 2], [0], [0], [0], [0], [0], [1, 1], [0], [1], [0], [0]], 'TSlaneflow': [[1], [2, 2], [0], [1], [0], [0], [0], [1, 1], [0], [1], [0], [1]]}, {'TSflow': [1.0, 0.0, 0.0, 0.0, 0.0, 0.0, 0.0, 0.0, 0.0, 1.0, 0.0, 0.0], 'TSwait': [1.0, 0.0, 0.0, 0.0, 0.0, 0.0, 0.0, 0.0, 0.0, 1.0, 0.0, 0.0], 'TSgreen': [0, 0, 1, 0, 1, 1, 0, 0, 1, 0, 1, 1], 'TSphase': 1, 'TStime': 15, 'Envtime': 2000.0, 'LaneCount': [1, 1, 1, 1, 1, 1, 1, 1, 1, 1, 1, 1], 'TSprevphases': [-1, -1, -1, -1, 1], 'pressure': array([1, 0, 0, 0, 0, 0, 0, 0, 0, 1, 0, 0]), 'Inlaneflow': [[1], [0], [0], [0], [0], [0], [0], [0], [0], [0], [0], [0]], 'TSlaneflow': [[1], [0], [0], [0], [0], [0], [0], [0], [0], [1], [0], [0]]}, {'TSflow': [17.0, 2.5, 0.0, 0.0, 0.0, 0.5, 0.0, 2.0, 0.0, 0.0, 4.0, 0.0], 'TSwait': [12.0, 2.0, 0.0, 0.0, 0.0, 0.0, 0.0, 1.0, 0.0, 0.0, 4.0, 0.0], 'TSgreen': [0, 0, 1, 1, 1, 1, 0, 0, 1, 0, 0, 1], 'TSphase': 5, 'TStime': 15, 'Envtime': 2000.0, 'LaneCount': [1, 2, 1, 2, 3, 2, 1, 2, 1, 2, 3, 2], 'TSprevphases': [-1, -1, -1, -1, 5], 'pressure': array([17,  1,  0, -4,  0, -2,  0,  1,  0, -3, 12, -4]), 'Inlaneflow': [[12], [0, 1], [0], [0, 0], [0, 0, 0], [0, 0], [0], [1, 1], [0], [0, 0], [4, 3, 1], [0, 0]], 'TSlaneflow': [[17], [3, 2], [0], [0, 0], [0, 0, 0], [0, 1], [0], [2, 2], [0], [0, 0], [5, 4, 3], [0, 0]]}, {'TSflow': [16.0, 0.0, 0.0, 0.0, 0.0, 0.0, 0.0, 0.0, 0.0, 0.5, 1.3333333333333333, 0.0], 'TSwait': [16.0, 0.0, 0.0, 0.0, 0.0, 0.0, 0.0, 0.0, 0.0, 0.0, 0.3333333333333333, 0.0], 'TSgreen': [0, 1, 1, 0, 0, 1, 0, 1, 1, 0, 0, 1], 'TSphase': 0, 'TStime': 15, 'Envtime': 2000.0, 'LaneCount': [1, 1, 1, 2, 3, 2, 1, 1, 1, 2, 3, 2], 'TSprevphases': [-1, -1, -1, -1, 0], 'pressure': array([  4,  -1,   0,  -1,   0,   0,   0,   0, -12,   1,  -8,  -1]), 'Inlaneflow': [[10], [0], [0], [0, 0], [0, 0, 0], [0, 0], [0], [0], [0], [0, 0], [1, 0, 0], [0, 0]], 'TSlaneflow': [[16], [0], [0], [0, 0], [0, 0, 0], [0, 0], [0], [0], [0], [0, 1], [1, 2, 1], [0, 0]]}, {'TSflow': [0.0, 0.5, 0.0, 0.0, 0.0, 0.0, 0.0, 2.0, 0.0, 1.0, 0.0, 3.0], 'TSwait': [0.0, 0.5, 0.0, 0.0, 0.0, 0.0, 0.0, 1.5, 0.0, 1.0, 0.0, 0.0], 'TSgreen': [0, 0, 1, 1, 1, 1, 0, 0, 1, 0, 0, 1], 'TSphase': 5, 'TStime': 15, 'Envtime': 2000.0, 'LaneCount': [1, 2, 1, 1, 1, 1, 1, 2, 1, 1, 1, 1], 'TSprevphases': [-1, -1, -1, -1, 5], 'pressure': array([  0, -15,   0, -16,   0,   0,   0,   4,   0,   1,   0, -13]), 'Inlaneflow': [[0], [0, 0], [0], [0], [0], [0], [0], [0, 0], [0], [0], [0], [2]], 'TSlaneflow': [[0], [1, 0], [0], [0], [0], [0], [0], [2, 2], [0], [1], [0], [3]]}], array([-0.029997  , -0.02735838, -0.024442  , -0.13706963, -0.09809204,
       -0.03124687]), False, {'average_time': 204.32696245733788, 'average_delay': 165.24071549716976, 'current_time': 2000.0, 'throughput': 1374, 'average_wait_time': 118.83811475409836})
2023-11-13 05:53:16,205 - INFO - In cityflow增加GCN需要的数据-循环动作.py
2023-11-13 05:53:16,210 - INFO - 删除了原UniLight中STFGNN不需要的数据收集操作，增加STFGNN需要的数据收集,采用随机动作。epochs:10000,time_span:2806.51s,evrage time span every epoch:0.28s
2023-11-13 05:53:16,222 - INFO -  state, all_reward, done, infos:([{'TSflow': [506.0, 639.0, 0.0, 43.0, 0.0, 0.0, 27.0, 35.0, 0.0, 0.0, 755.0, 618.0], 'TSwait': [7.0, 7.0, 0.0, 43.0, 0.0, 0.0, 27.0, 35.0, 0.0, 0.0, 78.0, 79.0], 'TSgreen': [0, 0, 1, 0, 0, 1, 1, 1, 1, 0, 0, 1], 'TSphase': 6, 'TStime': 15, 'Envtime': 200000.0, 'LaneCount': [1, 1, 1, 1, 1, 1, 1, 1, 1, 1, 1, 1], 'TSprevphases': [-1, -1, -1, -1, 6], 'pressure': array([474, 602,   0,   6,   0,   0,  27,  35, -32,   0, 723, 581]), 'Inlaneflow': [[4], [3], [0], [21], [0], [0], [11], [20], [0], [0], [39], [37]], 'TSlaneflow': [[7], [7], [0], [43], [0], [0], [27], [35], [0], [0], [78], [79]]}, {'TSflow': [0.0, 0.0, 16.0, 0.0, 390.0, 1247.0, 360.0, 593.0, 0.0, 35.0, 0.0, 0.0], 'TSwait': [0.0, 0.0, 16.0, 0.0, 49.0, 49.0, 15.0, 15.0, 0.0, 35.0, 0.0, 0.0], 'TSgreen': [0, 0, 1, 1, 0, 1, 0, 0, 1, 1, 0, 1], 'TSphase': 3, 'TStime': 15, 'Envtime': 200000.0, 'LaneCount': [1, 2, 1, 1, 1, 1, 1, 2, 1, 1, 1, 1], 'TSprevphases': [-1, -1, -1, -1, 3], 'pressure': array([   0,    0,  -19,    0,  355, 1214,  325, 1153,    0,    2,    0,
          0]), 'Inlaneflow': [[0], [0, 0], [12], [0], [20], [22], [8], [5, 7], [0], [13], [0], [0]], 'TSlaneflow': [[0], [0, 0], [16], [0], [49], [49], [15], [15, 15], [0], [35], [0], [0]]}, {'TSflow': [13.0, 0.0, 0.0, 0.0, 0.0, 35.0, 0.0, 521.0, 752.0, 588.0, 967.0, 0.0], 'TSwait': [13.0, 0.0, 0.0, 0.0, 0.0, 35.0, 0.0, 16.0, 16.0, 5.0, 5.0, 0.0], 'TSgreen': [0, 1, 1, 0, 0, 1, 0, 1, 1, 0, 0, 1], 'TSphase': 0, 'TStime': 15, 'Envtime': 200000.0, 'LaneCount': [1, 1, 1, 1, 1, 1, 1, 1, 1, 1, 1, 1], 'TSprevphases': [-1, -1, -1, -1, 0], 'pressure': array([-22,   0,   0,   0,   0,  22,   0, 508, 717, 575, 932,   0]), 'Inlaneflow': [[10], [0], [0], [0], [0], [19], [0], [11], [7], [3], [3], [0]], 'TSlaneflow': [[13], [0], [0], [0], [0], [35], [0], [16], [16], [5], [5], [0]]}, {'TSflow': [0.0, 32.0, 0.0, 101.5, 39.0, 103.5, 0.0, 16.5, 0.0, 30.0, 0.0, 0.0], 'TSwait': [0.0, 32.0, 0.0, 38.0, 38.0, 38.0, 0.0, 16.5, 0.0, 30.0, 0.0, 0.0], 'TSgreen': [0, 0, 1, 0, 1, 1, 0, 0, 1, 0, 1, 1], 'TSphase': 1, 'TStime': 15, 'Envtime': 200000.0, 'LaneCount': [1, 2, 1, 2, 3, 2, 1, 2, 1, 2, 3, 2], 'TSprevphases': [-1, -1, -1, -1, 1], 'pressure': array([  0,  48, -58, 187,  59, 176, -58,   2,   0,  29,   0, -16]), 'Inlaneflow': [[0], [21, 18], [0], [21, 12], [17, 20, 22], [19, 19], [0], [8, 10], [0], [20, 12], [0, 0, 0], [0, 0]], 'TSlaneflow': [[0], [32, 32], [0], [38, 38], [38, 38, 38], [38, 38], [0], [17, 16], [0], [30, 30], [0, 0, 0], [0, 0]]}, {'TSflow': [36.0, 1.0, 0.0, 29.0, 0.0, 0.0, 0.0, 0.0, 13.0, 97.5, 670.6666666666666, 86.0], 'TSwait': [36.0, 1.0, 0.0, 29.0, 0.0, 0.0, 0.0, 0.0, 13.0, 52.0, 52.0, 52.0], 'TSgreen': [0, 0, 1, 1, 1, 1, 0, 0, 1, 0, 0, 1], 'TSphase': 5, 'TStime': 15, 'Envtime': 200000.0, 'LaneCount': [1, 1, 1, 2, 3, 2, 1, 1, 1, 2, 3, 2], 'TSprevphases': [-1, -1, -1, -1, 5], 'pressure': array([ -24,  -12,    0,   45,    0,  -62,    0,  -62,  -47,  133, 1952,
        159]), 'Inlaneflow': [[21], [0], [0], [22, 15], [0, 0, 0], [0, 0], [0], [0], [7], [27, 24], [38, 28, 25], [26, 27]], 'TSlaneflow': [[36], [1], [0], [30, 28], [0, 0, 0], [0, 0], [0], [0], [13], [52, 52], [52, 52, 52], [52, 52]]}, {'TSflow': [0.0, 739.0, 399.0, 0.0, 0.0, 0.0, 31.0, 0.0, 0.0, 0.0, 0.0, 32.0], 'TSwait': [0.0, 8.0, 8.0, 0.0, 0.0, 0.0, 31.0, 0.0, 0.0, 0.0, 0.0, 32.0], 'TSgreen': [1, 1, 1, 0, 0, 1, 0, 0, 1, 0, 0, 1], 'TSphase': 4, 'TStime': 15, 'Envtime': 200000.0, 'LaneCount': [1, 2, 1, 1, 1, 1, 1, 2, 1, 1, 1, 1], 'TSprevphases': [-1, -1, -1, -1, 4], 'pressure': array([   0, 1414,  356,  -64,  -43,    0,  -12,    0,    0,    0,    0,
        -32]), 'Inlaneflow': [[0], [5, 6], [7], [0], [0], [0], [16], [0, 0], [0], [0], [0], [23]], 'TSlaneflow': [[0], [8, 8], [8], [0], [0], [0], [31], [0, 0], [0], [0], [0], [32]]}], array([-14.570765  , -14.670755  , -15.97618   ,  -1.7914875 ,
        -5.18374083,  -6.671555  ]), True, {'average_time': 113452.3468381661, 'average_delay': 113435.84084118725, 'current_time': 200000.0, 'throughput': 8437, 'average_wait_time': 113415.99175368619})
2023-11-13 08:34:06,525 - INFO - In cityflow增加GCN需要的数据-循环动作.py
2023-11-13 08:34:06,526 - INFO - 删除了原UniLight中STFGNN不需要的数据收集操作，增加STFGNN需要的数据收集,采用随机动作。epochs:1000,time_span:208.70s,evrage time span every epoch:0.21s
2023-11-13 08:34:06,531 - INFO -  state, all_reward, done, infos:([{'TSflow': [376.0, 448.0, 0.0, 43.0, 0.0, 0.0, 0.0, 0.0, 36.0, 0.0, 425.0, 248.0], 'TSwait': [8.0, 8.0, 0.0, 43.0, 0.0, 0.0, 0.0, 0.0, 36.0, 0.0, 79.0, 79.0], 'TSgreen': [0, 0, 1, 1, 1, 1, 0, 0, 1, 0, 0, 1], 'TSphase': 5, 'TStime': 15, 'Envtime': 20000.0, 'LaneCount': [1, 1, 1, 1, 1, 1, 1, 1, 1, 1, 1, 1], 'TSprevphases': [-1, -1, -1, -1, 5], 'pressure': array([334, 395,   0, -10,   0,   0,   0,   0,  -6,   0, 383, 195]), 'Inlaneflow': [[4], [4], [0], [23], [0], [0], [0], [0], [16], [0], [37], [35]], 'TSlaneflow': [[8], [8], [0], [43], [0], [0], [0], [0], [36], [0], [79], [79]]}, {'TSflow': [0.0, 0.0, 0.0, 0.0, 209.0, 756.0, 169.0, 369.0, 0.0, 35.0, 0.0, 0.0], 'TSwait': [0.0, 0.0, 0.0, 0.0, 49.0, 48.0, 15.0, 15.0, 0.0, 35.0, 0.0, 0.0], 'TSgreen': [0, 0, 1, 0, 0, 1, 1, 1, 1, 0, 0, 1], 'TSphase': 6, 'TStime': 15, 'Envtime': 20000.0, 'LaneCount': [1, 2, 1, 1, 1, 1, 1, 2, 1, 1, 1, 1], 'TSprevphases': [-1, -1, -1, -1, 6], 'pressure': array([  0,   0, -67,   0, 142, 724, 102, 706,   0,   3,   0,   0]), 'Inlaneflow': [[0], [0, 0], [0], [0], [18], [23], [7], [8, 9], [0], [22], [0], [0]], 'TSlaneflow': [[0], [0, 0], [0], [0], [49], [48], [15], [15, 15], [0], [35], [0], [0]]}, {'TSflow': [13.0, 0.0, 0.0, 0.0, 32.0, 35.0, 0.0, 377.0, 477.0, 409.0, 662.0, 0.0], 'TSwait': [13.0, 0.0, 0.0, 0.0, 32.0, 35.0, 0.0, 16.0, 17.0, 5.0, 5.0, 0.0], 'TSgreen': [1, 0, 1, 0, 0, 1, 1, 0, 1, 0, 0, 1], 'TSphase': 2, 'TStime': 15, 'Envtime': 20000.0, 'LaneCount': [1, 1, 1, 1, 1, 1, 1, 1, 1, 1, 1, 1], 'TSprevphases': [-1, -1, -1, -1, 2], 'pressure': array([-22,   0,   0,   0,  32,  10,   0, 352, 442, 384, 627,   0]), 'Inlaneflow': [[5], [0], [0], [0], [17], [18], [0], [10], [10], [3], [3], [0]], 'TSlaneflow': [[13], [0], [0], [0], [32], [35], [0], [16], [17], [5], [5], [0]]}, {'TSflow': [30.0, 0.0, 0.0, 66.0, 30.0, 62.0, 0.0, 16.0, 0.0, 25.5, 29.666666666666668, 0.0], 'TSwait': [30.0, 0.0, 0.0, 37.5, 30.0, 37.5, 0.0, 16.0, 0.0, 25.5, 29.666666666666668, 0.0], 'TSgreen': [1, 1, 1, 0, 0, 1, 0, 0, 1, 0, 0, 1], 'TSphase': 4, 'TStime': 15, 'Envtime': 20000.0, 'LaneCount': [1, 2, 1, 2, 3, 2, 1, 2, 1, 2, 3, 2], 'TSprevphases': [-1, -1, -1, -1, 4], 'pressure': array([ 30,   0, -21, 132,  69,  93, -21,   1,   0,  20,  89,   0]), 'Inlaneflow': [[15], [0, 0], [0], [18, 17], [18, 21, 16], [23, 16], [0], [7, 6], [0], [8, 13], [16, 17, 17], [0, 0]], 'TSlaneflow': [[30], [0, 0], [0], [37, 38], [30, 30, 30], [37, 38], [0], [16, 16], [0], [25, 26], [30, 30, 29], [0, 0]]}, {'TSflow': [36.0, 17.0, 0.0, 10.5, 0.0, 0.0, 1.0, 11.0, 13.0, 102.0, 497.0, 51.0], 'TSwait': [36.0, 17.0, 0.0, 10.5, 0.0, 0.0, 1.0, 11.0, 13.0, 52.0, 52.0, 51.0], 'TSgreen': [0, 0, 1, 1, 0, 1, 0, 0, 1, 1, 0, 1], 'TSphase': 3, 'TStime': 15, 'Envtime': 20000.0, 'LaneCount': [1, 1, 1, 2, 3, 2, 1, 1, 1, 2, 3, 2], 'TSprevphases': [-1, -1, -1, -1, 3], 'pressure': array([-104,    4,    0,    8,    0,  -36,    1,  -25, -127,  168, 1351,
         89]), 'Inlaneflow': [[22], [13], [0], [7, 4], [0, 0, 0], [0, 0], [0], [9], [10], [28, 27], [31, 33, 28], [27, 22]], 'TSlaneflow': [[36], [17], [0], [11, 10], [0, 0, 0], [0, 0], [1], [11], [13], [52, 52], [52, 52, 52], [51, 51]]}, {'TSflow': [0.0, 593.0, 288.0, 0.0, 0.0, 0.0, 31.0, 0.0, 0.0, 0.0, 0.0, 42.0], 'TSwait': [0.0, 8.0, 8.0, 0.0, 0.0, 0.0, 31.0, 0.0, 0.0, 0.0, 0.0, 42.0], 'TSgreen': [0, 0, 1, 0, 1, 1, 0, 0, 1, 0, 1, 1], 'TSphase': 1, 'TStime': 15, 'Envtime': 20000.0, 'LaneCount': [1, 2, 1, 1, 1, 1, 1, 2, 1, 1, 1, 1], 'TSprevphases': [-1, -1, -1, -1, 1], 'pressure': array([   0, 1156,  245,  -30,  -43,    0,  -12,    0,    0,    0,    0,
         12]), 'Inlaneflow': [[0], [5, 5], [5], [0], [0], [0], [13], [0, 0], [0], [0], [0], [21]], 'TSlaneflow': [[0], [8, 8], [8], [0], [0], [0], [31], [0, 0], [0], [0], [0], [42]]}], array([ -8.7419035 ,  -8.53928487, -11.12416525,  -1.43744883,
        -4.09986775,  -5.29599813]), False, {'average_time': 2532.912844036697, 'average_delay': 2512.6586332446677, 'current_time': 20000.0, 'throughput': 8016, 'average_wait_time': 2486.5891946992865})

原UniLight训练和验证结果
[INFO ] epoch    0, frame    2400: time=204.592, eps=0.87, reward=-22229.218661, result=4767.224981
[INFO ] epoch    1, frame    4800: time=297.602, eps=0.84, reward=-23951.842169, result=5148.252499
[INFO ] epoch    2, frame    7200: time=308.798, eps=0.81, reward=-22795.737050, result=4895.114418
[INFO ] replay full, start training
[INFO ] epoch    3, frame    9600: time=546.801, eps=0.78, reward=-22626.076796, result=4792.122440
[INFO ] epoch    4, frame   12000: start evaluate
[INFO ] evaluate result: 6309.067001299691
[INFO ] best result updated: 6309.067001299691
[INFO ] epoch    4, frame   12000: time=860.164, eps=0.75, reward=-22701.647710, result=5015.225474
[INFO ] epoch    5, frame   14400: time=587.199, eps=0.72, reward=-21496.748814, result=4689.260028
[INFO ] epoch    6, frame   16800: time=605.106, eps=0.69, reward=-21561.006924, result=4592.383454
[INFO ] epoch    7, frame   19200: time=562.377, eps=0.67, reward=-19563.281300, result=4259.028593
[INFO ] epoch    8, frame   21600: time=565.589, eps=0.64, reward=-21032.439323, result=4657.568772
[INFO ] epoch    9, frame   24000: start evaluate
[INFO ] evaluate result: 3369.838524626899
[INFO ] best result updated: 3369.838524626899
[INFO ] epoch    9, frame   24000: time=842.154, eps=0.61, reward=-21917.646535, result=4823.513916
[INFO ] epoch   10, frame   26400: time=575.459, eps=0.58, reward=-19649.972353, result=4271.953839
[INFO ] epoch   11, frame   28800: time=562.676, eps=0.55, reward=-18902.128996, result=4128.073903
[INFO ] epoch   12, frame   31200: time=564.684, eps=0.52, reward=-20263.438546, result=4342.908798
[INFO ] epoch   13, frame   33600: time=569.114, eps=0.49, reward=-19602.414979, result=4157.094922
[INFO ] epoch   14, frame   36000: start evaluate
[INFO ] evaluate result: 1225.8269618607987
[INFO ] best result updated: 1225.8269618607987
[INFO ] epoch   14, frame   36000: time=823.805, eps=0.46, reward=-21365.873477, result=4720.841169
[INFO ] epoch   15, frame   38400: time=575.747, eps=0.43, reward=-21442.658020, result=4698.410613
[INFO ] epoch   16, frame   40800: time=559.994, eps=0.40, reward=-16252.487598, result=3556.849818
[INFO ] epoch   17, frame   43200: time=551.813, eps=0.37, reward=-16428.275434, result=3677.058755
[INFO ] epoch   18, frame   45600: time=534.736, eps=0.34, reward=-13139.426667, result=2837.285663
[INFO ] epoch   19, frame   48000: start evaluate
[INFO ] evaluate result: 2221.9728857616637
[INFO ] epoch   19, frame   48000: time=723.430, eps=0.31, reward=-15365.916079, result=3441.065164
[INFO ] epoch   20, frame   50400: time=531.147, eps=0.28, reward=-11407.990476, result=2645.899162
[INFO ] epoch   21, frame   52800: time=522.272, eps=0.25, reward=-10981.000448, result=2572.906960
[INFO ] epoch   22, frame   55200: time=535.886, eps=0.23, reward=-14081.549436, result=3251.405638
[INFO ] epoch   23, frame   57600: time=541.016, eps=0.20, reward=-13835.838963, result=3157.638103
[INFO ] epoch   24, frame   60000: start evaluate
[INFO ] evaluate result: 3157.4312091063907
[INFO ] epoch   24, frame   60000: time=736.814, eps=0.17, reward=-12759.713855, result=2822.837852
[INFO ] epoch   25, frame   62400: time=511.855, eps=0.14, reward=-9081.366541, result=2184.228656
[INFO ] epoch   26, frame   64800: time=517.193, eps=0.11, reward=-9905.123648, result=2151.208085
[INFO ] epoch   27, frame   67200: time=548.864, eps=0.08, reward=-18629.119124, result=3984.992740
[INFO ] epoch   28, frame   69600: time=550.997, eps=0.05, reward=-16881.636992, result=3764.089096
[INFO ] epoch   29, frame   72000: start evaluate
[INFO ] evaluate result: 3162.295970958634
[INFO ] epoch   29, frame   72000: time=760.675, eps=0.02, reward=-15747.659012, result=3527.613723
[INFO ] epoch   30, frame   74400: time=553.929, eps=0.02, reward=-18534.287358, result=4094.841483
[INFO ] epoch   31, frame   76800: time=532.004, eps=0.02, reward=-11996.119203, result=2724.929234
[INFO ] epoch   32, frame   79200: time=519.822, eps=0.02, reward=-11492.569934, result=2523.801102
[INFO ] epoch   33, frame   81600: time=528.823, eps=0.02, reward=-13343.457558, result=2981.265944
[INFO ] epoch   34, frame   84000: start evaluate
[INFO ] evaluate result: 2448.1091740241113
[INFO ] epoch   34, frame   84000: time=728.340, eps=0.02, reward=-9407.602710, result=2210.776095
[INFO ] epoch   35, frame   86400: time=519.561, eps=0.02, reward=-12162.008076, result=2780.763680
[INFO ] epoch   36, frame   88800: time=517.931, eps=0.02, reward=-10970.011963, result=2533.751266
[INFO ] epoch   37, frame   91200: time=525.354, eps=0.02, reward=-13417.376786, result=3090.536369
[INFO ] epoch   38, frame   93600: time=535.671, eps=0.02, reward=-13066.441512, result=2963.979519
[INFO ] epoch   39, frame   96000: start evaluate
[INFO ] evaluate result: 3107.3893246089724
[INFO ] epoch   39, frame   96000: time=755.460, eps=0.02, reward=-13658.600855, result=3120.267736
[INFO ] epoch   40, frame   98400: time=538.987, eps=0.02, reward=-13527.570997, result=3087.216779
[INFO ] epoch   41, frame  100800: time=524.957, eps=0.02, reward=-11236.344355, result=2444.938690
[INFO ] epoch   42, frame  103200: time=507.621, eps=0.02, reward=-8427.144562, result=1812.208623
[INFO ] epoch   43, frame  105600: time=496.027, eps=0.02, reward=-8239.319134, result=1802.838569
[INFO ] epoch   44, frame  108000: start evaluate
[INFO ] evaluate result: 1526.442681724478
[INFO ] epoch   44, frame  108000: time=666.560, eps=0.02, reward=-3727.217195, result=875.299709
[INFO ] epoch   45, frame  110400: time=18476.169, eps=0.02, reward=-2186.914898, result=616.499619
[INFO ] epoch   46, frame  112800: time=607.520, eps=0.02, reward=-1222.190963, result=345.651324
[INFO ] epoch   47, frame  115200: time=530.040, eps=0.02, reward=-1498.529901, result=380.002778
[INFO ] epoch   48, frame  117600: time=507.807, eps=0.02, reward=-931.510404, result=239.184422
[INFO ] epoch   49, frame  120000: start evaluate
[INFO ] evaluate result: 1692.9204051449829
[INFO ] epoch   49, frame  120000: time=721.684, eps=0.02, reward=-1102.533115, result=303.283544
[INFO ] epoch   50, frame  122400: time=514.454, eps=0.02, reward=-929.474266, result=253.074979
[INFO ] epoch   51, frame  124800: time=561.396, eps=0.02, reward=-1434.870202, result=377.523393
[INFO ] epoch   52, frame  127200: time=714.487, eps=0.02, reward=-2521.365847, result=636.821637
[INFO ] epoch   53, frame  129600: time=687.644, eps=0.02, reward=-1314.732588, result=350.983328
[INFO ] epoch   54, frame  132000: start evaluate
[INFO ] evaluate result: 265.7149195536235
[INFO ] best result updated: 265.7149195536235
[INFO ] epoch   54, frame  132000: time=1056.439, eps=0.02, reward=-1572.579069, result=370.997670
[INFO ] epoch   55, frame  134400: time=560.484, eps=0.02, reward=-724.294415, result=210.367588
[INFO ] epoch   56, frame  136800: time=462.859, eps=0.02, reward=-633.011507, result=184.847898
[INFO ] epoch   57, frame  139200: time=429.181, eps=0.02, reward=-632.587105, result=184.459149
[INFO ] epoch   58, frame  141600: time=418.398, eps=0.02, reward=-598.599393, result=173.594506
[INFO ] epoch   59, frame  144000: start evaluate
[INFO ] evaluate result: 577.5904629588132
[INFO ] epoch   59, frame  144000: time=557.468, eps=0.02, reward=-579.589767, result=168.104872
[INFO ] epoch   60, frame  146400: time=414.618, eps=0.02, reward=-551.055259, result=160.660751
[INFO ] epoch   61, frame  148800: time=416.702, eps=0.02, reward=-574.480555, result=167.755153
[INFO ] epoch   62, frame  151200: time=421.750, eps=0.02, reward=-760.350069, result=227.766256
[INFO ] epoch   63, frame  153600: time=420.212, eps=0.02, reward=-615.888266, result=173.521601
[INFO ] epoch   64, frame  156000: start evaluate
[INFO ] evaluate result: 228.11208210092317
[INFO ] best result updated: 228.11208210092317
[INFO ] epoch   64, frame  156000: time=550.876, eps=0.02, reward=-592.980650, result=170.912436
[INFO ] epoch   65, frame  158400: time=413.657, eps=0.02, reward=-595.699544, result=173.927313
[INFO ] epoch   66, frame  160800: time=416.483, eps=0.02, reward=-593.304182, result=171.738125
[INFO ] epoch   67, frame  163200: time=417.720, eps=0.02, reward=-719.656546, result=195.886255
[INFO ] epoch   68, frame  165600: time=433.785, eps=0.02, reward=-722.715129, result=208.437324
[INFO ] epoch   69, frame  168000: start evaluate
[INFO ] evaluate result: 188.78807026978578
[INFO ] best result updated: 188.78807026978578
[INFO ] epoch   69, frame  168000: time=567.366, eps=0.02, reward=-709.268649, result=195.142518
[INFO ] epoch   70, frame  170400: time=421.713, eps=0.02, reward=-572.889002, result=167.182075
[INFO ] epoch   71, frame  172800: time=432.873, eps=0.02, reward=-876.446976, result=225.547056
[INFO ] epoch   72, frame  175200: time=434.874, eps=0.02, reward=-688.243437, result=194.678932
[INFO ] epoch   73, frame  177600: time=445.690, eps=0.02, reward=-781.782231, result=218.863264
[INFO ] epoch   74, frame  180000: start evaluate
[INFO ] evaluate result: 164.17639940841661
[INFO ] best result updated: 164.17639940841661
[INFO ] epoch   74, frame  180000: time=553.328, eps=0.02, reward=-608.673247, result=175.111505
[INFO ] epoch   75, frame  182400: time=417.416, eps=0.02, reward=-634.347809, result=187.094295
[INFO ] epoch   76, frame  184800: time=423.007, eps=0.02, reward=-1140.643795, result=261.042348
[INFO ] epoch   77, frame  187200: time=420.487, eps=0.02, reward=-686.557171, result=192.119964
[INFO ] epoch   78, frame  189600: time=418.942, eps=0.02, reward=-641.759799, result=183.654941
[INFO ] epoch   79, frame  192000: start evaluate
[INFO ] evaluate result: 219.5255893161244
[INFO ] epoch   79, frame  192000: time=531.106, eps=0.02, reward=-708.094461, result=199.943536
[INFO ] epoch   80, frame  194400: time=421.242, eps=0.02, reward=-666.726145, result=185.937032
[INFO ] epoch   81, frame  196800: time=433.415, eps=0.02, reward=-1379.990182, result=317.077171
[INFO ] epoch   82, frame  199200: time=434.671, eps=0.02, reward=-674.460325, result=183.647979
[INFO ] epoch   83, frame  201600: time=425.085, eps=0.02, reward=-994.775003, result=252.195079
[INFO ] epoch   84, frame  204000: start evaluate
[INFO ] evaluate result: 167.29428635447007
[INFO ] epoch   84, frame  204000: time=549.901, eps=0.02, reward=-605.860889, result=175.936500
